Determining if the pthread_create exist failed with the following output:
Change Dir: /home/riverwheelchair/river_ws/build/CMakeFiles/CMakeTmp

Run Build Command:/usr/bin/make "cmTryCompileExec2308785543/fast"
/usr/bin/make -f CMakeFiles/cmTryCompileExec2308785543.dir/build.make CMakeFiles/cmTryCompileExec2308785543.dir/build
make[1]: Entering directory `/home/riverwheelchair/river_ws/build/CMakeFiles/CMakeTmp'
/usr/bin/cmake -E cmake_progress_report /home/riverwheelchair/river_ws/build/CMakeFiles/CMakeTmp/CMakeFiles 1
Building C object CMakeFiles/cmTryCompileExec2308785543.dir/CheckSymbolExists.c.o
/usr/bin/cc    -o CMakeFiles/cmTryCompileExec2308785543.dir/CheckSymbolExists.c.o   -c /home/riverwheelchair/river_ws/build/CMakeFiles/CMakeTmp/CheckSymbolExists.c
Linking C executable cmTryCompileExec2308785543
/usr/bin/cmake -E cmake_link_script CMakeFiles/cmTryCompileExec2308785543.dir/link.txt --verbose=1
/usr/bin/cc       CMakeFiles/cmTryCompileExec2308785543.dir/CheckSymbolExists.c.o  -o cmTryCompileExec2308785543 -rdynamic 
CMakeFiles/cmTryCompileExec2308785543.dir/CheckSymbolExists.c.o: In function `main':
CheckSymbolExists.c:(.text+0x16): undefined reference to `pthread_create'
collect2: error: ld returned 1 exit status
make[1]: *** [cmTryCompileExec2308785543] Error 1
make[1]: Leaving directory `/home/riverwheelchair/river_ws/build/CMakeFiles/CMakeTmp'
make: *** [cmTryCompileExec2308785543/fast] Error 2

File /home/riverwheelchair/river_ws/build/CMakeFiles/CMakeTmp/CheckSymbolExists.c:
/* */
#include <pthread.h>

int main(int argc, char** argv)
{
  (void)argv;
#ifndef pthread_create
  return ((int*)(&pthread_create))[argc];
#else
  (void)argc;
  return 0;
#endif
}

Determining if the function pthread_create exists in the pthreads failed with the following output:
Change Dir: /home/riverwheelchair/river_ws/build/CMakeFiles/CMakeTmp

Run Build Command:/usr/bin/make "cmTryCompileExec742092440/fast"
/usr/bin/make -f CMakeFiles/cmTryCompileExec742092440.dir/build.make CMakeFiles/cmTryCompileExec742092440.dir/build
make[1]: Entering directory `/home/riverwheelchair/river_ws/build/CMakeFiles/CMakeTmp'
/usr/bin/cmake -E cmake_progress_report /home/riverwheelchair/river_ws/build/CMakeFiles/CMakeTmp/CMakeFiles 1
Building C object CMakeFiles/cmTryCompileExec742092440.dir/CheckFunctionExists.c.o
/usr/bin/cc   -DCHECK_FUNCTION_EXISTS=pthread_create   -o CMakeFiles/cmTryCompileExec742092440.dir/CheckFunctionExists.c.o   -c /usr/share/cmake-2.8/Modules/CheckFunctionExists.c
Linking C executable cmTryCompileExec742092440
/usr/bin/cmake -E cmake_link_script CMakeFiles/cmTryCompileExec742092440.dir/link.txt --verbose=1
/usr/bin/cc   -DCHECK_FUNCTION_EXISTS=pthread_create    CMakeFiles/cmTryCompileExec742092440.dir/CheckFunctionExists.c.o  -o cmTryCompileExec742092440 -rdynamic -lpthreads 
/usr/bin/ld: cannot find -lpthreads
collect2: error: ld returned 1 exit status
make[1]: *** [cmTryCompileExec742092440] Error 1
make[1]: Leaving directory `/home/riverwheelchair/river_ws/build/CMakeFiles/CMakeTmp'
make: *** [cmTryCompileExec742092440/fast] Error 2


